2024-04-21 12:38:37: Old log files cleaned up.
2024-04-21 12:38:37: Current restart count for swype-app: 
2024-04-21 12:38:37: Restart count within limits. Checking again in 60 seconds...
2024-04-21 12:38:51: Old log files cleaned up.
2024-04-21 12:38:51: Current restart count for swype-app: 
2024-04-21 12:38:51: Restart count within limits. Checking again in 60 seconds...
2024-04-21 12:39:37: Old log files cleaned up.
2024-04-21 12:39:37: Current restart count for swype-app: 
2024-04-21 12:39:37: Restart count within limits. Checking again in 60 seconds...
2024-04-21 12:39:51: Old log files cleaned up.
2024-04-21 12:39:51: Current restart count for swype-app: 
2024-04-21 12:39:51: Restart count within limits. Checking again in 60 seconds...
2024-04-21 12:40:51: Old log files cleaned up.
2024-04-21 12:40:51: Current restart count for swype-app: 
2024-04-21 12:40:51: Restart count within limits. Checking again in 60 seconds...
2024-04-21 13:06:33: Old log files cleaned up.
2024-04-21 13:06:33: Current restart count for swype-app: 0
2024-04-21 13:06:33: Restart count within limits. Checking again in 60 seconds...
2024-04-21 13:07:33: Old log files cleaned up.
2024-04-21 13:07:34: Current restart count for swype-app: 0
2024-04-21 13:07:34: Restart count within limits. Checking again in 60 seconds...
2024-04-21 13:08:34: Old log files cleaned up.
2024-04-21 13:08:34: Current restart count for swype-app: 0
2024-04-21 13:08:34: Restart count within limits. Checking again in 60 seconds...
2024-04-21 13:09:34: Old log files cleaned up.
2024-04-21 13:09:34: Current restart count for swype-app: 0
2024-04-21 13:09:34: Restart count within limits. Checking again in 60 seconds...
2024-04-21 13:10:34: Old log files cleaned up.
2024-04-21 13:10:34: Current restart count for swype-app: 0
2024-04-21 13:10:34: Restart count within limits. Checking again in 60 seconds...
2024-04-21 13:11:34: Old log files cleaned up.
2024-04-21 13:11:34: Current restart count for swype-app: 0
2024-04-21 13:11:34: Restart count within limits. Checking again in 60 seconds...
2024-04-21 13:12:34: Old log files cleaned up.
2024-04-21 13:12:34: Current restart count for swype-app: 0
2024-04-21 13:12:34: Restart count within limits. Checking again in 60 seconds...
2024-04-21 13:13:34: Old log files cleaned up.
2024-04-21 13:13:34: Current restart count for swype-app: 0
2024-04-21 13:13:34: Restart count within limits. Checking again in 60 seconds...
2024-04-21 13:14:34: Old log files cleaned up.
2024-04-21 13:14:34: Current restart count for swype-app: 0
2024-04-21 13:14:34: Restart count within limits. Checking again in 60 seconds...
2024-04-21 13:15:34: Old log files cleaned up.
2024-04-21 13:15:34: Current restart count for swype-app: 0
2024-04-21 13:15:34: Restart count within limits. Checking again in 60 seconds...
2024-04-21 13:16:34: Old log files cleaned up.
2024-04-21 13:16:34: Current restart count for swype-app: 1
2024-04-21 13:16:34: Restart count within limits. Checking again in 60 seconds...
2024-04-21 13:17:34: Old log files cleaned up.
2024-04-21 13:17:34: Current restart count for swype-app: 1
2024-04-21 13:17:34: Restart count within limits. Checking again in 60 seconds...
2024-04-21 13:18:34: Old log files cleaned up.
2024-04-21 13:18:35: Current restart count for swype-app: 2
2024-04-21 13:18:35: Restart count within limits. Checking again in 60 seconds...
2024-04-21 13:19:35: Old log files cleaned up.
2024-04-21 13:19:35: Current restart count for swype-app: 3
2024-04-21 13:19:35: Restart count within limits. Checking again in 60 seconds...
2024-04-21 13:20:35: Old log files cleaned up.
2024-04-21 13:20:35: Current restart count for swype-app: 3
2024-04-21 13:20:35: Restart count within limits. Checking again in 60 seconds...
2024-04-21 13:21:35: Old log files cleaned up.
2024-04-21 13:21:35: Current restart count for swype-app: 4
2024-04-21 13:21:35: Restart limit exceeded. Scaling down the deployment...
2024-04-21 13:21:35: Checking for network-related issues...
2024-04-21 13:21:35: Deployment scaled down due to excessive restarts. Monitoring halted.
2024-04-21 13:21:35: Script completed.
2024-04-21 13:26:07: Old log files cleaned up.
2024-04-21 13:26:07: Current restart count for swype-app: 0
2024-04-21 13:26:07: Restart count within limits. Checking again in 60 seconds...
2024-04-21 13:27:07: Old log files cleaned up.
2024-04-21 13:27:07: Current restart count for swype-app: 0
2024-04-21 13:27:07: Restart count within limits. Checking again in 60 seconds...
2024-04-21 13:28:07: Old log files cleaned up.
2024-04-21 13:28:07: Current restart count for swype-app: 0
2024-04-21 13:28:07: Restart count within limits. Checking again in 60 seconds...
2024-04-21 13:29:07: Old log files cleaned up.
2024-04-21 13:29:07: Current restart count for swype-app: 0
2024-04-21 13:29:07: Restart count within limits. Checking again in 60 seconds...
2024-04-21 13:30:07: Old log files cleaned up.
2024-04-21 13:30:07: Current restart count for swype-app: 0
2024-04-21 13:30:07: Restart count within limits. Checking again in 60 seconds...
2024-04-21 13:31:07: Old log files cleaned up.
2024-04-21 13:31:07: Current restart count for swype-app: 0
2024-04-21 13:31:07: Restart count within limits. Checking again in 60 seconds...
2024-04-21 13:32:07: Old log files cleaned up.
2024-04-21 13:32:07: Current restart count for swype-app: 0
2024-04-21 13:32:07: Restart count within limits. Checking again in 60 seconds...
2024-04-21 13:33:07: Old log files cleaned up.
2024-04-21 13:33:07: Current restart count for swype-app: 0
2024-04-21 13:33:07: Restart count within limits. Checking again in 60 seconds...
2024-04-21 13:34:07: Old log files cleaned up.
2024-04-21 13:34:08: Current restart count for swype-app: 0
2024-04-21 13:34:08: Restart count within limits. Checking again in 60 seconds...
2024-04-21 13:35:08: Old log files cleaned up.
2024-04-21 13:35:08: Current restart count for swype-app: 0
2024-04-21 13:35:08: Restart count within limits. Checking again in 60 seconds...
2024-04-21 13:36:08: Old log files cleaned up.
2024-04-21 13:36:08: Current restart count for swype-app: 1
2024-04-21 13:36:08: Restart count within limits. Checking again in 60 seconds...
2024-04-21 13:37:08: Old log files cleaned up.
2024-04-21 13:37:08: Current restart count for swype-app: 1
2024-04-21 13:37:08: Restart count within limits. Checking again in 60 seconds...
2024-04-21 13:38:08: Old log files cleaned up.
2024-04-21 13:38:08: Current restart count for swype-app: 2
2024-04-21 13:38:08: Restart count within limits. Checking again in 60 seconds...
2024-04-21 13:39:08: Old log files cleaned up.
2024-04-21 13:39:08: Current restart count for swype-app: 3
2024-04-21 13:39:08: Restart count within limits. Checking again in 60 seconds...
2024-04-21 13:40:08: Old log files cleaned up.
2024-04-21 13:40:08: Current restart count for swype-app: 3
2024-04-21 13:40:08: Restart count within limits. Checking again in 60 seconds...
2024-04-21 13:41:08: Old log files cleaned up.
2024-04-21 13:41:08: Current restart count for swype-app: 4
2024-04-21 13:41:08: Restart limit exceeded. Scaling down the deployment...
2024-04-21 13:41:08: Checking for network-related issues...
2024-04-21 13:41:08: Deployment scaled down due to excessive restarts. Monitoring halted.
2024-04-21 13:41:08: Script completed.
